<?xml version="1.0" encoding="UTF-8"?>
<testsuite name="com.example.account.service.AccountServiceTest" tests="12" skipped="0" failures="0" errors="0" timestamp="2023-06-23T13:28:07" hostname="DESKTOP-4KSR8O4" time="0.094">
  <properties/>
  <testcase name="유저 당 최대 계좌는 10개" classname="com.example.account.service.AccountServiceTest" time="0.07"/>
  <testcase name="해당 유저 없음 - 계좌 해지 실패" classname="com.example.account.service.AccountServiceTest" time="0.001"/>
  <testcase name="deleteAccountSuccess()" classname="com.example.account.service.AccountServiceTest" time="0.007"/>
  <testcase name="해당 계좌 없음 - 계좌 해지 실패" classname="com.example.account.service.AccountServiceTest" time="0.001"/>
  <testcase name="해지 계좌는 잔액이 없어야 한다." classname="com.example.account.service.AccountServiceTest" time="0.001"/>
  <testcase name="계좌 소유주 다름" classname="com.example.account.service.AccountServiceTest" time="0.001"/>
  <testcase name="createFirstAccountSuccess()" classname="com.example.account.service.AccountServiceTest" time="0.002"/>
  <testcase name="해지 계좌는 해지할 수 없다." classname="com.example.account.service.AccountServiceTest" time="0.001"/>
  <testcase name="successGetAccountsByUserId()" classname="com.example.account.service.AccountServiceTest" time="0.001"/>
  <testcase name="failedToGetAccounts()" classname="com.example.account.service.AccountServiceTest" time="0.001"/>
  <testcase name="해당 유저 없음 - 계좌 생성 실패" classname="com.example.account.service.AccountServiceTest" time="0.001"/>
  <testcase name="계좌 조회 성공" classname="com.example.account.service.AccountServiceTest" time="0.003"/>
  <system-out><![CDATA[]]></system-out>
  <system-err><![CDATA[]]></system-err>
</testsuite>
