<?xml version="1.0" encoding="UTF-8"?>
<testsuite name="com.example.account.service.LockAopAspectTest" tests="2" skipped="0" failures="0" errors="0" timestamp="2023-06-23T19:34:39" hostname="DESKTOP-4KSR8O4" time="0.016">
  <properties/>
  <testcase name="lockAndUnlock()" classname="com.example.account.service.LockAopAspectTest" time="0.014"/>
  <testcase name="lockAndUnlock_evenIfThrow()" classname="com.example.account.service.LockAopAspectTest" time="0.001"/>
  <system-out><![CDATA[]]></system-out>
  <system-err><![CDATA[]]></system-err>
</testsuite>
