<?xml version="1.0" encoding="UTF-8"?>
<testsuite name="com.example.account.service.LockServiceTest" tests="2" skipped="0" failures="0" errors="0" timestamp="2023-06-23T13:28:08" hostname="DESKTOP-4KSR8O4" time="0.097">
  <properties/>
  <testcase name="failGetLock()" classname="com.example.account.service.LockServiceTest" time="0.095"/>
  <testcase name="successGetLock()" classname="com.example.account.service.LockServiceTest" time="0.002"/>
  <system-out><![CDATA[2023-06-23 22:28:08.135 ERROR 25464 --- [    Test worker] com.example.account.service.LockService  : ============ Lock acquisition failed ==============
]]></system-out>
  <system-err><![CDATA[]]></system-err>
</testsuite>
