<?xml version="1.0" encoding="UTF-8"?>
<testsuite name="com.example.account.controller.AccountControllerTest" tests="4" skipped="0" failures="0" errors="0" timestamp="2023-06-23T13:28:04" hostname="DESKTOP-4KSR8O4" time="0.326">
  <properties/>
  <testcase name="successCreateAccount()" classname="com.example.account.controller.AccountControllerTest" time="0.297"/>
  <testcase name="failGetAccount()" classname="com.example.account.controller.AccountControllerTest" time="0.011"/>
  <testcase name="successGetAccountsByUserId()" classname="com.example.account.controller.AccountControllerTest" time="0.008"/>
  <testcase name="successGetAccount()" classname="com.example.account.controller.AccountControllerTest" time="0.008"/>
  <system-out><![CDATA[2023-06-23 22:28:02.958  INFO 25464 --- [    Test worker] .b.t.a.w.s.WebMvcTestContextBootstrapper : Neither @ContextConfiguration nor @ContextHierarchy found for test class [com.example.account.controller.AccountControllerTest], using SpringBootContextLoader
2023-06-23 22:28:02.961  INFO 25464 --- [    Test worker] o.s.t.c.support.AbstractContextLoader    : Could not detect default resource locations for test class [com.example.account.controller.AccountControllerTest]: no resource found for suffixes {-context.xml, Context.groovy}.
2023-06-23 22:28:02.961  INFO 25464 --- [    Test worker] t.c.s.AnnotationConfigContextLoaderUtils : Could not detect default configuration classes for test class [com.example.account.controller.AccountControllerTest]: AccountControllerTest does not declare any static, non-private, non-final, nested classes annotated with @Configuration.
2023-06-23 22:28:03.013  INFO 25464 --- [    Test worker] .b.t.c.SpringBootTestContextBootstrapper : Found @SpringBootConfiguration com.example.account.AccountApplication for test class com.example.account.controller.AccountControllerTest
2023-06-23 22:28:03.015  INFO 25464 --- [    Test worker] .b.t.a.w.s.WebMvcTestContextBootstrapper : Loaded default TestExecutionListener class names from location [META-INF/spring.factories]: [org.springframework.boot.test.autoconfigure.restdocs.RestDocsTestExecutionListener, org.springframework.boot.test.autoconfigure.web.client.MockRestServiceServerResetTestExecutionListener, org.springframework.boot.test.autoconfigure.web.servlet.MockMvcPrintOnlyOnFailureTestExecutionListener, org.springframework.boot.test.autoconfigure.web.servlet.WebDriverTestExecutionListener, org.springframework.boot.test.autoconfigure.webservices.client.MockWebServiceServerTestExecutionListener, org.springframework.boot.test.mock.mockito.MockitoTestExecutionListener, org.springframework.boot.test.mock.mockito.ResetMocksTestExecutionListener, org.springframework.test.context.web.ServletTestExecutionListener, org.springframework.test.context.support.DirtiesContextBeforeModesTestExecutionListener, org.springframework.test.context.event.ApplicationEventsTestExecutionListener, org.springframework.test.context.support.DependencyInjectionTestExecutionListener, org.springframework.test.context.support.DirtiesContextTestExecutionListener, org.springframework.test.context.transaction.TransactionalTestExecutionListener, org.springframework.test.context.jdbc.SqlScriptsTestExecutionListener, org.springframework.test.context.event.EventPublishingTestExecutionListener]
2023-06-23 22:28:03.016  INFO 25464 --- [    Test worker] .b.t.a.w.s.WebMvcTestContextBootstrapper : Using TestExecutionListeners: [org.springframework.test.context.web.ServletTestExecutionListener@1832b0f6, org.springframework.test.context.support.DirtiesContextBeforeModesTestExecutionListener@6693818c, org.springframework.test.context.event.ApplicationEventsTestExecutionListener@4281a26f, org.springframework.boot.test.mock.mockito.MockitoTestExecutionListener@726e29d, org.springframework.boot.test.autoconfigure.SpringBootDependencyInjectionTestExecutionListener@a1e578f, org.springframework.test.context.support.DirtiesContextTestExecutionListener@707b38a1, org.springframework.test.context.transaction.TransactionalTestExecutionListener@3f267e1b, org.springframework.test.context.jdbc.SqlScriptsTestExecutionListener@f245168, org.springframework.test.context.event.EventPublishingTestExecutionListener@77fecd2c, org.springframework.boot.test.autoconfigure.restdocs.RestDocsTestExecutionListener@5ee95d42, org.springframework.boot.test.autoconfigure.web.client.MockRestServiceServerResetTestExecutionListener@52b32622, org.springframework.boot.test.autoconfigure.web.servlet.MockMvcPrintOnlyOnFailureTestExecutionListener@7fb1820d, org.springframework.boot.test.autoconfigure.web.servlet.WebDriverTestExecutionListener@7e27b77a, org.springframework.boot.test.autoconfigure.webservices.client.MockWebServiceServerTestExecutionListener@6a30f6b1, org.springframework.boot.test.mock.mockito.ResetMocksTestExecutionListener@21f94fe3]

  .   ____          _            __ _ _
 /\\ / ___'_ __ _ _(_)_ __  __ _ \ \ \ \
( ( )\___ | '_ | '_| | '_ \/ _` | \ \ \ \
 \\/  ___)| |_)| | | | | || (_| |  ) ) ) )
  '  |____| .__|_| |_|_| |_\__, | / / / /
 =========|_|==============|___/=/_/_/_/
 :: Spring Boot ::               (v2.7.12)

2023-06-23 22:28:03.101  INFO 25464 --- [    Test worker] c.e.a.controller.AccountControllerTest   : Starting AccountControllerTest using Java 11.0.18 on DESKTOP-4KSR8O4 with PID 25464 (started by USER in C:\Users\USER\IdeaProjects\Account)
2023-06-23 22:28:03.103  INFO 25464 --- [    Test worker] c.e.a.controller.AccountControllerTest   : No active profile set, falling back to 1 default profile: "default"
2023-06-23 22:28:03.998  INFO 25464 --- [    Test worker] o.s.b.t.m.w.SpringBootMockServletContext : Initializing Spring TestDispatcherServlet ''
2023-06-23 22:28:03.999  INFO 25464 --- [    Test worker] o.s.t.web.servlet.TestDispatcherServlet  : Initializing Servlet ''
2023-06-23 22:28:03.999  INFO 25464 --- [    Test worker] o.s.t.web.servlet.TestDispatcherServlet  : Completed initialization in 0 ms
2023-06-23 22:28:04.019  INFO 25464 --- [    Test worker] c.e.a.controller.AccountControllerTest   : Started AccountControllerTest in 0.992 seconds (JVM running for 5.085)

MockHttpServletRequest:
      HTTP Method = POST
      Request URI = /account
       Parameters = {}
          Headers = [Content-Type:"application/json;charset=UTF-8", Content-Length:"33"]
             Body = {"userId":1,"initialBalance":100}
    Session Attrs = {}

Handler:
             Type = com.example.account.controller.AccountController
           Method = com.example.account.controller.AccountController#createAccount(Request)

Async:
    Async started = false
     Async result = null

Resolved Exception:
             Type = null

ModelAndView:
        View name = null
             View = null
            Model = null

FlashMap:
       Attributes = null

MockHttpServletResponse:
           Status = 200
    Error message = null
          Headers = [Content-Type:"application/json"]
     Content type = application/json
             Body = {"userId":1,"accountNumber":"12345678","registeredAt":"2023-06-23T22:28:04.0701034"}
    Forwarded URL = null
   Redirected URL = null
          Cookies = []
2023-06-23 22:28:04.337 ERROR 25464 --- [    Test worker] c.e.a.exception.GlobalExceptionHandler   : ACCOUNT_NOT_FOUND is occurred.

MockHttpServletRequest:
      HTTP Method = GET
      Request URI = /account/876
       Parameters = {}
          Headers = []
             Body = null
    Session Attrs = {}

Handler:
             Type = com.example.account.controller.AccountController
           Method = com.example.account.controller.AccountController#getAccount(Long)

Async:
    Async started = false
     Async result = null

Resolved Exception:
             Type = com.example.account.exception.AccountException

ModelAndView:
        View name = null
             View = null
            Model = null

FlashMap:
       Attributes = null

MockHttpServletResponse:
           Status = 200
    Error message = null
          Headers = [Content-Type:"application/json"]
     Content type = application/json
             Body = {"errorCode":"ACCOUNT_NOT_FOUND","errorMessage":"계좌가 없습니다."}
    Forwarded URL = null
   Redirected URL = null
          Cookies = []

MockHttpServletRequest:
      HTTP Method = GET
      Request URI = /account
       Parameters = {user_id=[1]}
          Headers = []
             Body = null
    Session Attrs = {}

Handler:
             Type = com.example.account.controller.AccountController
           Method = com.example.account.controller.AccountController#getAccountsByUserId(Long)

Async:
    Async started = false
     Async result = null

Resolved Exception:
             Type = null

ModelAndView:
        View name = null
             View = null
            Model = null

FlashMap:
       Attributes = null

MockHttpServletResponse:
           Status = 200
    Error message = null
          Headers = [Content-Type:"application/json"]
     Content type = application/json
             Body = [{"accountNumber":"1234567890","balance":1000},{"accountNumber":"1111111111","balance":2000},{"accountNumber":"2222222222","balance":3000}]
    Forwarded URL = null
   Redirected URL = null
          Cookies = []

MockHttpServletRequest:
      HTTP Method = GET
      Request URI = /account/876
       Parameters = {}
          Headers = []
             Body = null
    Session Attrs = {}

Handler:
             Type = com.example.account.controller.AccountController
           Method = com.example.account.controller.AccountController#getAccount(Long)

Async:
    Async started = false
     Async result = null

Resolved Exception:
             Type = null

ModelAndView:
        View name = null
             View = null
            Model = null

FlashMap:
       Attributes = null

MockHttpServletResponse:
           Status = 200
    Error message = null
          Headers = [Content-Type:"application/json"]
     Content type = application/json
             Body = {"id":null,"createdAt":null,"updatedAt":null,"accountUser":null,"accountNumber":"3456","accountStatus":"IN_USE","balance":null,"registeredAt":null,"unRegisteredAt":null}
    Forwarded URL = null
   Redirected URL = null
          Cookies = []
]]></system-out>
  <system-err><![CDATA[]]></system-err>
</testsuite>
