<?xml version="1.0" encoding="UTF-8"?>
<testsuite name="com.example.account.AccountApplicationTests" tests="1" skipped="0" failures="0" errors="0" timestamp="2023-06-23T19:34:34" hostname="DESKTOP-4KSR8O4" time="0.115">
  <properties/>
  <testcase name="contextLoads()" classname="com.example.account.AccountApplicationTests" time="0.115"/>
  <system-out><![CDATA[04:34:28.354 [Test worker] DEBUG org.springframework.test.context.BootstrapUtils - Instantiating CacheAwareContextLoaderDelegate from class [org.springframework.test.context.cache.DefaultCacheAwareContextLoaderDelegate]
04:34:28.365 [Test worker] DEBUG org.springframework.test.context.BootstrapUtils - Instantiating BootstrapContext using constructor [public org.springframework.test.context.support.DefaultBootstrapContext(java.lang.Class,org.springframework.test.context.CacheAwareContextLoaderDelegate)]
04:34:28.393 [Test worker] DEBUG org.springframework.test.context.BootstrapUtils - Instantiating TestContextBootstrapper for test class [com.example.account.AccountApplicationTests] from class [org.springframework.boot.test.context.SpringBootTestContextBootstrapper]
04:34:28.403 [Test worker] INFO org.springframework.boot.test.context.SpringBootTestContextBootstrapper - Neither @ContextConfiguration nor @ContextHierarchy found for test class [com.example.account.AccountApplicationTests], using SpringBootContextLoader
04:34:28.406 [Test worker] DEBUG org.springframework.test.context.support.AbstractContextLoader - Did not detect default resource location for test class [com.example.account.AccountApplicationTests]: class path resource [com/example/account/AccountApplicationTests-context.xml] does not exist
04:34:28.406 [Test worker] DEBUG org.springframework.test.context.support.AbstractContextLoader - Did not detect default resource location for test class [com.example.account.AccountApplicationTests]: class path resource [com/example/account/AccountApplicationTestsContext.groovy] does not exist
04:34:28.406 [Test worker] INFO org.springframework.test.context.support.AbstractContextLoader - Could not detect default resource locations for test class [com.example.account.AccountApplicationTests]: no resource found for suffixes {-context.xml, Context.groovy}.
04:34:28.407 [Test worker] INFO org.springframework.test.context.support.AnnotationConfigContextLoaderUtils - Could not detect default configuration classes for test class [com.example.account.AccountApplicationTests]: AccountApplicationTests does not declare any static, non-private, non-final, nested classes annotated with @Configuration.
04:34:28.442 [Test worker] DEBUG org.springframework.test.context.support.ActiveProfilesUtils - Could not find an 'annotation declaring class' for annotation type [org.springframework.test.context.ActiveProfiles] and class [com.example.account.AccountApplicationTests]
04:34:28.482 [Test worker] DEBUG org.springframework.context.annotation.ClassPathScanningCandidateComponentProvider - Identified candidate component class: file [C:\Users\USER\IdeaProjects\Account\build\classes\java\main\com\example\account\AccountApplication.class]
04:34:28.483 [Test worker] INFO org.springframework.boot.test.context.SpringBootTestContextBootstrapper - Found @SpringBootConfiguration com.example.account.AccountApplication for test class com.example.account.AccountApplicationTests
04:34:28.576 [Test worker] DEBUG org.springframework.boot.test.context.SpringBootTestContextBootstrapper - @TestExecutionListeners is not present for class [com.example.account.AccountApplicationTests]: using defaults.
04:34:28.577 [Test worker] INFO org.springframework.boot.test.context.SpringBootTestContextBootstrapper - Loaded default TestExecutionListener class names from location [META-INF/spring.factories]: [org.springframework.boot.test.autoconfigure.restdocs.RestDocsTestExecutionListener, org.springframework.boot.test.autoconfigure.web.client.MockRestServiceServerResetTestExecutionListener, org.springframework.boot.test.autoconfigure.web.servlet.MockMvcPrintOnlyOnFailureTestExecutionListener, org.springframework.boot.test.autoconfigure.web.servlet.WebDriverTestExecutionListener, org.springframework.boot.test.autoconfigure.webservices.client.MockWebServiceServerTestExecutionListener, org.springframework.boot.test.mock.mockito.MockitoTestExecutionListener, org.springframework.boot.test.mock.mockito.ResetMocksTestExecutionListener, org.springframework.test.context.web.ServletTestExecutionListener, org.springframework.test.context.support.DirtiesContextBeforeModesTestExecutionListener, org.springframework.test.context.event.ApplicationEventsTestExecutionListener, org.springframework.test.context.support.DependencyInjectionTestExecutionListener, org.springframework.test.context.support.DirtiesContextTestExecutionListener, org.springframework.test.context.transaction.TransactionalTestExecutionListener, org.springframework.test.context.jdbc.SqlScriptsTestExecutionListener, org.springframework.test.context.event.EventPublishingTestExecutionListener]
04:34:28.590 [Test worker] INFO org.springframework.boot.test.context.SpringBootTestContextBootstrapper - Using TestExecutionListeners: [org.springframework.test.context.web.ServletTestExecutionListener@36b6964d, org.springframework.test.context.support.DirtiesContextBeforeModesTestExecutionListener@31198ceb, org.springframework.test.context.event.ApplicationEventsTestExecutionListener@9257031, org.springframework.boot.test.mock.mockito.MockitoTestExecutionListener@75201592, org.springframework.boot.test.autoconfigure.SpringBootDependencyInjectionTestExecutionListener@7726e185, org.springframework.test.context.support.DirtiesContextTestExecutionListener@aa5455e, org.springframework.test.context.transaction.TransactionalTestExecutionListener@282308c3, org.springframework.test.context.jdbc.SqlScriptsTestExecutionListener@5dda14d0, org.springframework.test.context.event.EventPublishingTestExecutionListener@1db0ec27, org.springframework.boot.test.autoconfigure.restdocs.RestDocsTestExecutionListener@3d9fc57a, org.springframework.boot.test.autoconfigure.web.client.MockRestServiceServerResetTestExecutionListener@d4ab71a, org.springframework.boot.test.autoconfigure.web.servlet.MockMvcPrintOnlyOnFailureTestExecutionListener@3b4ef7, org.springframework.boot.test.autoconfigure.web.servlet.WebDriverTestExecutionListener@1af05b03, org.springframework.boot.test.autoconfigure.webservices.client.MockWebServiceServerTestExecutionListener@5987e932, org.springframework.boot.test.mock.mockito.ResetMocksTestExecutionListener@1ad777f]
04:34:28.594 [Test worker] DEBUG org.springframework.test.context.support.AbstractDirtiesContextTestExecutionListener - Before test class: context [DefaultTestContext@1e8823d2 testClass = AccountApplicationTests, testInstance = [null], testMethod = [null], testException = [null], mergedContextConfiguration = [WebMergedContextConfiguration@c1a4620 testClass = AccountApplicationTests, locations = '{}', classes = '{class com.example.account.AccountApplication}', contextInitializerClasses = '[]', activeProfiles = '{}', propertySourceLocations = '{}', propertySourceProperties = '{org.springframework.boot.test.context.SpringBootTestContextBootstrapper=true}', contextCustomizers = set[org.springframework.boot.test.autoconfigure.actuate.metrics.MetricsExportContextCustomizerFactory$DisableMetricExportContextCustomizer@6b5894c8, org.springframework.boot.test.autoconfigure.properties.PropertyMappingContextCustomizer@0, org.springframework.boot.test.autoconfigure.web.servlet.WebDriverContextCustomizerFactory$Customizer@2e54db99, org.springframework.boot.test.context.filter.ExcludeFilterContextCustomizer@6d24ffa1, org.springframework.boot.test.json.DuplicateJsonObjectContextCustomizerFactory$DuplicateJsonObjectContextCustomizer@4c51bb7, org.springframework.boot.test.mock.mockito.MockitoContextCustomizer@0, org.springframework.boot.test.web.client.TestRestTemplateContextCustomizer@1de5f0ef, org.springframework.boot.test.context.SpringBootTestArgs@1, org.springframework.boot.test.context.SpringBootTestWebEnvironment@1b266842], resourceBasePath = 'src/main/webapp', contextLoader = 'org.springframework.boot.test.context.SpringBootContextLoader', parent = [null]], attributes = map['org.springframework.test.context.web.ServletTestExecutionListener.activateListener' -> true]], class annotated with @DirtiesContext [false] with mode [null].

  .   ____          _            __ _ _
 /\\ / ___'_ __ _ _(_)_ __  __ _ \ \ \ \
( ( )\___ | '_ | '_| | '_ \/ _` | \ \ \ \
 \\/  ___)| |_)| | | | | || (_| |  ) ) ) )
  '  |____| .__|_| |_|_| |_\__, | / / / /
 =========|_|==============|___/=/_/_/_/
 :: Spring Boot ::               (v2.7.12)

2023-06-24 04:34:28.924  INFO 12240 --- [    Test worker] c.e.account.AccountApplicationTests      : Starting AccountApplicationTests using Java 11.0.18 on DESKTOP-4KSR8O4 with PID 12240 (started by USER in C:\Users\USER\IdeaProjects\Account)
2023-06-24 04:34:28.926  INFO 12240 --- [    Test worker] c.e.account.AccountApplicationTests      : No active profile set, falling back to 1 default profile: "default"
2023-06-24 04:34:29.523  INFO 12240 --- [    Test worker] .s.d.r.c.RepositoryConfigurationDelegate : Bootstrapping Spring Data JPA repositories in DEFAULT mode.
2023-06-24 04:34:29.770  INFO 12240 --- [    Test worker] .s.d.r.c.RepositoryConfigurationDelegate : Finished Spring Data repository scanning in 240 ms. Found 3 JPA repository interfaces.
2023-06-24 04:34:30.385  INFO 12240 --- [    Test worker] o.hibernate.jpa.internal.util.LogHelper  : HHH000204: Processing PersistenceUnitInfo [name: default]
2023-06-24 04:34:30.430  INFO 12240 --- [    Test worker] org.hibernate.Version                    : HHH000412: Hibernate ORM core version 5.6.15.Final
2023-06-24 04:34:30.568  INFO 12240 --- [    Test worker] o.hibernate.annotations.common.Version   : HCANN000001: Hibernate Commons Annotations {5.1.2.Final}
2023-06-24 04:34:30.661  INFO 12240 --- [    Test worker] com.zaxxer.hikari.HikariDataSource       : HikariPool-1 - Starting...
2023-06-24 04:34:30.847  INFO 12240 --- [    Test worker] com.zaxxer.hikari.HikariDataSource       : HikariPool-1 - Start completed.
2023-06-24 04:34:30.868  INFO 12240 --- [    Test worker] org.hibernate.dialect.Dialect            : HHH000400: Using dialect: org.hibernate.dialect.H2Dialect
Hibernate: 
    
    drop table if exists account CASCADE 
Hibernate: 
    
    drop table if exists account_user CASCADE 
Hibernate: 
    
    drop table if exists transaction CASCADE 
Hibernate: 
    
    drop sequence if exists hibernate_sequence
Hibernate: create sequence hibernate_sequence start with 1 increment by 1
Hibernate: 
    
    create table account (
       id bigint not null,
        created_at timestamp,
        updated_at timestamp,
        account_number varchar(255),
        account_status varchar(255),
        balance bigint,
        registered_at timestamp,
        un_registered_at timestamp,
        account_user_id bigint,
        primary key (id)
    )
Hibernate: 
    
    create table account_user (
       id bigint not null,
        created_at timestamp,
        updated_at timestamp,
        name varchar(255),
        primary key (id)
    )
Hibernate: 
    
    create table transaction (
       id bigint not null,
        created_at timestamp,
        updated_at timestamp,
        amount bigint,
        balance_snapshot bigint,
        transacted_at timestamp,
        transaction_id varchar(255),
        transaction_result_type varchar(255),
        transaction_type varchar(255),
        account_id bigint,
        primary key (id)
    )
Hibernate: 
    
    alter table account 
       add constraint FKgao17rutsgwjob4c0a0ry5ron 
       foreign key (account_user_id) 
       references account_user
Hibernate: 
    
    alter table transaction 
       add constraint FK6g20fcr3bhr6bihgy24rq1r1b 
       foreign key (account_id) 
       references account
2023-06-24 04:34:31.558  INFO 12240 --- [    Test worker] o.h.e.t.j.p.i.JtaPlatformInitiator       : HHH000490: Using JtaPlatform implementation: [org.hibernate.engine.transaction.jta.platform.internal.NoJtaPlatform]
2023-06-24 04:34:31.568  INFO 12240 --- [    Test worker] j.LocalContainerEntityManagerFactoryBean : Initialized JPA EntityManagerFactory for persistence unit 'default'
2023-06-24 04:34:33.023  INFO 12240 --- [    Test worker] org.redisson.Version                     : Redisson 3.17.1
2023-06-24 04:34:33.341  INFO 12240 --- [sson-netty-2-13] o.r.c.pool.MasterPubSubConnectionPool    : 1 connections initialized for 127.0.0.1/127.0.0.1:6379
2023-06-24 04:34:33.368  INFO 12240 --- [sson-netty-2-19] o.r.c.pool.MasterConnectionPool          : 24 connections initialized for 127.0.0.1/127.0.0.1:6379
2023-06-24 04:34:34.332  INFO 12240 --- [    Test worker] o.s.b.a.h2.H2ConsoleAutoConfiguration    : H2 console available at '/h2-console'. Database available at 'jdbc:h2:mem:test'
2023-06-24 04:34:34.723  INFO 12240 --- [    Test worker] c.e.account.AccountApplicationTests      : Started AccountApplicationTests in 6.096 seconds (JVM running for 7.285)
]]></system-out>
  <system-err><![CDATA[]]></system-err>
</testsuite>
