<?xml version="1.0" encoding="UTF-8"?>
<testsuite name="com.example.account.service.LockAopAspectTest" tests="2" skipped="0" failures="0" errors="0" timestamp="2023-06-23T13:28:08" hostname="DESKTOP-4KSR8O4" time="0.015">
  <properties/>
  <testcase name="lockAndUnlock()" classname="com.example.account.service.LockAopAspectTest" time="0.013"/>
  <testcase name="lockAndUnlock_evenIfThrow()" classname="com.example.account.service.LockAopAspectTest" time="0.002"/>
  <system-out><![CDATA[]]></system-out>
  <system-err><![CDATA[]]></system-err>
</testsuite>
