<?xml version="1.0" encoding="UTF-8"?>
<testsuite name="com.example.account.service.LockServiceTest" tests="2" skipped="0" failures="0" errors="0" timestamp="2023-06-23T19:34:39" hostname="DESKTOP-4KSR8O4" time="0.064">
  <properties/>
  <testcase name="failGetLock()" classname="com.example.account.service.LockServiceTest" time="0.056"/>
  <testcase name="successGetLock()" classname="com.example.account.service.LockServiceTest" time="0.006"/>
  <system-out><![CDATA[2023-06-24 04:34:39.538 ERROR 12240 --- [    Test worker] com.example.account.service.LockService  : ============ Lock acquisition failed ==============
]]></system-out>
  <system-err><![CDATA[]]></system-err>
</testsuite>
